<?xml version="1.0" encoding="UTF-8"?>
<!-- Generated by org.testng.reporters.JUnitXMLReporter -->
<testsuite ignored="1" hostname="DESKTOP-2QDPG9I" failures="2" tests="14" name="Tests" time="38.638" errors="0" timestamp="2021-05-30T16:23:23 IST">
  <testcase classname="Activity4.DemoOne" name="firstTestCase" time="0.014"/>
  <testcase classname="activities.Activity2" name="testCase1" time="0.02"/>
  <testcase classname="Activity4.DemoOne" name="secondTestCase" time="0.003"/>
  <testcase classname="activities.Activity5" name="pageTitleTest" time="0.015"/>
  <testcase classname="Activity4.DemoTwo" name="TestCase" time="0.005"/>
  <testcase classname="activities.Activity5" name="ButtonTest1" time="0.151"/>
  <testcase classname="activities.Activity5" name="ButtonTest2" time="0.044"/>
  <testcase classname="activities.Activity2" name="testCase2" time="0.295">
    <failure type="java.lang.AssertionError" message="expected [black] but found [Black]">
      <![CDATA[java.lang.AssertionError: expected [black] but found [Black]
at activities.Activity2.testCase2(Activity2.java:38)
at java.base/java.util.concurrent.ThreadPoolExecutor.runWorker(ThreadPoolExecutor.java:1130)
at java.base/java.util.concurrent.ThreadPoolExecutor$Worker.run(ThreadPoolExecutor.java:630)
at java.base/java.lang.Thread.run(Thread.java:832)
... Removed 18 stack frames]]>
    </failure>
  </testcase> <!-- testCase2 -->
  <testcase classname="activities.Activity2" name="testCase4" time="0.005">
    <skipped/>
  </testcase> <!-- testCase4 -->
  <testcase classname="activities.Activity5" name="HeaderTest1" time="0.042"/>
  <testcase classname="activities.Activity5" name="HeaderTest2" time="0.052"/>
  <testcase classname="activities.Activity6" name="loginTestCase" time="0.0">
    <failure type="org.testng.TestNGException" message="
Parameter &amp;apos;username&amp;apos; is required by @Test on method loginTestCase but has not been marked @Optional or defined
in C:\Users\KalvaSwetha\Desktop\SDET\IBM_TestNG_Project\src\test\java\activities\Activity8.xml">
      <![CDATA[org.testng.TestNGException: 
Parameter 'username' is required by @Test on method loginTestCase but has not been marked @Optional or defined
in C:\Users\KalvaSwetha\Desktop\SDET\IBM_TestNG_Project\src\test\java\activities\Activity8.xml
at java.base/java.util.concurrent.ThreadPoolExecutor.runWorker(ThreadPoolExecutor.java:1130)
at java.base/java.util.concurrent.ThreadPoolExecutor$Worker.run(ThreadPoolExecutor.java:630)
at java.base/java.lang.Thread.run(Thread.java:832)
... Removed 11 stack frames]]>
    </failure>
  </testcase> <!-- loginTestCase -->
  <testcase classname="activities.Activity1" name="exampleTestCase" time="1.082"/>
  <testcase classname="activities.Activity3" name="loginTest" time="0.824"/>
  <testcase classname="activities.Activity2" name="testCase3" time="0.0">
    <ignored/>
  </testcase> <!-- testCase3 -->
</testsuite> <!-- Tests -->
